0    [TestNG] INFO  com.maven.driver.driver  - Start Test Execution
37   [TestNG] INFO  com.maven.driver.driver  - Test-1 : Step Passed
1154 [TestNG] INFO  com.maven.driver.driver  - Start Test Execution
1166 [TestNG] ERROR com.maven.driver.driver  - Test-2: Test Fail
0    [TestNG] INFO  com.maven.driver.driver  - Start Test Execution
54   [TestNG] INFO  com.maven.driver.driver  - Test-1 : Step Passed
893  [TestNG] INFO  com.maven.driver.driver  - Start Test Execution
896  [TestNG] ERROR com.maven.driver.driver  - Test-2: Test Fail
0    [TestNG] INFO  com.maven.driver.driver  - Start Test Execution
34   [TestNG] INFO  com.maven.driver.driver  - Test-1 : Step Passed
804  [TestNG] INFO  com.maven.driver.driver  - Start Test Execution
806  [TestNG] ERROR com.maven.driver.driver  - Test-2: Test Fail
1    [TestNG] INFO  com.maven.driver.driver  - Start Test Execution
0    [TestNG] INFO  com.maven.driver.driver  - Start Test Execution
0    [TestNG] INFO  com.maven.driver.driver  - Start Test Execution
0    [TestNG] INFO  com.maven.driver.driver  - Start Test Execution
0    [TestNG] INFO  com.maven.driver.driver  - Start Test Execution
0    [TestNG] INFO  com.maven.driver.driver  - Start Test Execution
1539 [TestNG] INFO  com.maven.driver.driver  - Flight Test : *************Test Passed****************
0    [TestNG] INFO  com.maven.driver.driver  - Start Test Execution
4497 [TestNG] INFO  com.maven.driver.driver  - Flight Test : *************Test Passed****************
0    [TestNG] INFO  com.maven.driver.driver  - Start Test Execution
0    [TestNG] INFO  com.maven.driver.driver  - Start Test Execution
0    [TestNG] INFO  com.maven.driver.driver  - Start Test Execution
0    [TestNG] INFO  com.maven.driver.driver  - Start Test Execution
3    [TestNG] INFO  com.maven.driver.driver  - Start Test Execution
0    [TestNG] INFO  com.maven.driver.driver  - Start Test Execution
1    [TestNG] INFO  com.maven.driver.driver  - Start Test Execution
0    [TestNG] INFO  com.maven.driver.driver  - Start Test Execution
0    [TestNG] INFO  com.maven.driver.driver  - Start Test Execution
0    [TestNG] INFO  com.maven.driver.driver  - Start Test Execution
0    [TestNG] INFO  com.maven.driver.driver  - Start Test Execution
0    [TestNG] INFO  com.maven.driver.driver  - Start Test Execution
6350 [TestNG] INFO  com.maven.driver.driver  - Flight Test : *************Test Passed****************
0    [TestNG] INFO  com.maven.driver.driver  - Start Test Execution
0    [TestNG] INFO  com.maven.driver.driver  - Start Test Execution
0    [TestNG] INFO  com.maven.driver.driver  - Start Test Execution
0    [TestNG] INFO  com.maven.driver.driver  - Start Test Execution
0    [TestNG] INFO  com.maven.driver.driver  - Start Test Execution
0    [TestNG] INFO  com.maven.driver.driver  - Start Test Execution
0    [TestNG] INFO  com.maven.driver.driver  - Start Test Execution
0    [TestNG] INFO  com.maven.driver.driver  - Start Test Execution
0    [TestNG] INFO  com.maven.driver.driver  - Start Test Execution
0    [TestNG] INFO  com.maven.driver.driver  - Start Test Execution
1    [TestNG] INFO  com.maven.driver.driver  - Start Test Execution
0    [TestNG] INFO  com.maven.driver.driver  - Start Test Execution
0    [TestNG] INFO  com.maven.driver.driver  - Start Test Execution
0    [TestNG] INFO  com.maven.driver.driver  - Start Test Execution
0    [TestNG] INFO  com.maven.driver.driver  - Start Test Execution
1    [TestNG] INFO  com.maven.driver.driver  - Start Test Execution
0    [TestNG] INFO  com.maven.driver.driver  - Start Test Execution
0    [TestNG] INFO  com.maven.driver.driver  - Start Test Execution
8332 [TestNG] INFO  com.maven.driver.driver  - Flight Test : *************Test Passed****************
0    [TestNG] INFO  com.maven.driver.driver  - Start Test Execution
0    [TestNG] INFO  com.maven.driver.driver  - Start Test Execution
11790 [TestNG] INFO  com.maven.driver.driver  - Flight Test : *************Test Passed****************
0    [TestNG] INFO  com.maven.driver.driver  - Start Test Execution
0    [TestNG] INFO  com.maven.driver.driver  - Start Test Execution
17834 [TestNG] INFO  com.maven.driver.driver  - Flight Test : *************Test Passed****************
0    [TestNG] INFO  com.maven.driver.driver  - Start Test Execution
0    [TestNG] INFO  com.maven.driver.driver  - Start Test Execution
17725 [TestNG] INFO  com.maven.driver.driver  - Flight Test : *************Test Passed****************
0    [TestNG] INFO  com.maven.driver.driver  - Start Test Execution
0    [TestNG] INFO  com.maven.driver.driver  - Start Test Execution
0    [TestNG] INFO  com.maven.driver.driver  - Start Test Execution
0    [TestNG] INFO  com.maven.driver.driver  - Start Test Execution
0    [TestNG] INFO  com.maven.driver.driver  - Start Test Execution
1    [TestNG] INFO  com.maven.driver.driver  - Start Test Execution
0    [TestNG] INFO  com.maven.driver.driver  - Start Test Execution
